<?xml version="1.0" encoding="UTF-8"?>
<!-- Generated by org.testng.reporters.JUnitXMLReporter -->
<testsuite ignored="1" hostname="TERCERALPREN029" failures="0" tests="1" name="Default test" time="11.559" errors="0" timestamp="2026-04-20T16:49:26 IST">
  <testcase classname="Test.LoginTests" name="verifyLogin" time="5.072"/>
  <testcase classname="Test.LoginTests" name="verifyInvalidLogin" time="0.0">
    <ignored/>
  </testcase> <!-- verifyInvalidLogin -->
</testsuite> <!-- Default test -->
