<?xml version="1.0" encoding="UTF-8"?>
<testng-results ignored="1" total="2" passed="1" failed="0" skipped="0">
  <reporter-output>
  </reporter-output>
  <suite started-at="2026-04-20T16:49:15 IST" name="Default suite" finished-at="2026-04-20T16:49:26 IST" duration-ms="11559">
    <groups>
    </groups>
    <test started-at="2026-04-20T16:49:15 IST" name="Default test" finished-at="2026-04-20T16:49:26 IST" duration-ms="11559">
      <class name="Test.LoginTests">
        <test-method is-config="true" signature="setup()[pri:0, instance:Test.LoginTests@3590fc5b]" started-at="2026-04-20T16:49:15 IST" name="setup" finished-at="2026-04-20T16:49:21 IST" duration-ms="5951" status="PASS">
          <reporter-output>
          </reporter-output>
        </test-method> <!-- setup -->
        <test-method signature="verifyLogin()[pri:0, instance:Test.LoginTests@3590fc5b]" started-at="2026-04-20T16:49:21 IST" name="verifyLogin" finished-at="2026-04-20T16:49:26 IST" duration-ms="5072" status="PASS">
          <reporter-output>
          </reporter-output>
        </test-method> <!-- verifyLogin -->
        <test-method is-config="true" signature="teardown()[pri:0, instance:Test.LoginTests@3590fc5b]" started-at="2026-04-20T16:49:26 IST" name="teardown" finished-at="2026-04-20T16:49:26 IST" duration-ms="453" status="PASS">
          <reporter-output>
          </reporter-output>
        </test-method> <!-- teardown -->
      </class> <!-- Test.LoginTests -->
    </test> <!-- Default test -->
  </suite> <!-- Default suite -->
</testng-results>
