<?xml version="1.0" encoding="UTF-8"?>
<testng-results ignored="0" total="2" passed="2" failed="0" skipped="0">
  <reporter-output>
  </reporter-output>
  <suite started-at="2026-04-20T15:54:31 IST" name="Default suite" finished-at="2026-04-20T15:54:48 IST" duration-ms="17088">
    <groups>
    </groups>
    <test started-at="2026-04-20T15:54:31 IST" name="Default test" finished-at="2026-04-20T15:54:48 IST" duration-ms="17088">
      <class name="Test.LoginTests">
        <test-method is-config="true" signature="setup()[pri:0, instance:Test.LoginTests@3e694b3f]" started-at="2026-04-20T15:54:31 IST" name="setup" finished-at="2026-04-20T15:54:38 IST" duration-ms="6990" status="PASS">
          <reporter-output>
          </reporter-output>
        </test-method> <!-- setup -->
        <test-method signature="verifyInvalidLogin()[pri:0, instance:Test.LoginTests@3e694b3f]" started-at="2026-04-20T15:54:38 IST" name="verifyInvalidLogin" finished-at="2026-04-20T15:54:40 IST" duration-ms="2249" status="PASS">
          <reporter-output>
          </reporter-output>
        </test-method> <!-- verifyInvalidLogin -->
        <test-method is-config="true" signature="teardown()[pri:0, instance:Test.LoginTests@3e694b3f]" started-at="2026-04-20T15:54:40 IST" name="teardown" finished-at="2026-04-20T15:54:40 IST" duration-ms="321" status="PASS">
          <reporter-output>
          </reporter-output>
        </test-method> <!-- teardown -->
        <test-method is-config="true" signature="setup()[pri:0, instance:Test.LoginTests@3e694b3f]" started-at="2026-04-20T15:54:40 IST" name="setup" finished-at="2026-04-20T15:54:44 IST" duration-ms="3530" status="PASS">
          <reporter-output>
          </reporter-output>
        </test-method> <!-- setup -->
        <test-method signature="verifyLogin()[pri:0, instance:Test.LoginTests@3e694b3f]" started-at="2026-04-20T15:54:44 IST" name="verifyLogin" finished-at="2026-04-20T15:54:47 IST" duration-ms="3637" status="PASS">
          <reporter-output>
          </reporter-output>
        </test-method> <!-- verifyLogin -->
        <test-method is-config="true" signature="teardown()[pri:0, instance:Test.LoginTests@3e694b3f]" started-at="2026-04-20T15:54:47 IST" name="teardown" finished-at="2026-04-20T15:54:48 IST" duration-ms="313" status="PASS">
          <reporter-output>
          </reporter-output>
        </test-method> <!-- teardown -->
      </class> <!-- Test.LoginTests -->
    </test> <!-- Default test -->
  </suite> <!-- Default suite -->
</testng-results>
